


ARM Macro Assembler    Page 1 


    1 00000000         ;******************** (C) COPYRIGHT 2011 STMicroelectron
                       ics ********************
    2 00000000         ; FreeRTOS 移植版 — 启动文件修改说明：
    3 00000000         ;   SVC_Handler     → vPortSVCHandler      (向量表 
                       + 弱定义)
    4 00000000         ;   PendSV_Handler  → xPortPendSVHandler   (向量表 
                       + 弱定义)
    5 00000000         ;   SysTick_Handler → xPortSysTickHandler  (向量表 
                       + 弱定义)
    6 00000000         ;   栈大小: 0x400 → 0x800
    7 00000000         ;*******************************************************
                       ************************
    8 00000000         
    9 00000000 00000800 
                       Stack_Size
                               EQU              0x00000800
   10 00000000         
   11 00000000                 AREA             STACK, NOINIT, READWRITE, ALIGN
=3
   12 00000000         Stack_Mem
                               SPACE            Stack_Size
   13 00000800         __initial_sp
   14 00000800         
   15 00000800 00000200 
                       Heap_Size
                               EQU              0x00000200
   16 00000800         
   17 00000800                 AREA             HEAP, NOINIT, READWRITE, ALIGN=
3
   18 00000000         __heap_base
   19 00000000         Heap_Mem
                               SPACE            Heap_Size
   20 00000200         __heap_limit
   21 00000200         
   22 00000200                 PRESERVE8
   23 00000200                 THUMB
   24 00000200         
   25 00000200                 AREA             RESET, DATA, READONLY
   26 00000000                 EXPORT           __Vectors
   27 00000000                 EXPORT           __Vectors_End
   28 00000000                 EXPORT           __Vectors_Size
   29 00000000         
   30 00000000 00000000 
                       __Vectors
                               DCD              __initial_sp
   31 00000004 00000000        DCD              Reset_Handler
   32 00000008 00000000        DCD              NMI_Handler
   33 0000000C 00000000        DCD              HardFault_Handler
   34 00000010 00000000        DCD              MemManage_Handler
   35 00000014 00000000        DCD              BusFault_Handler
   36 00000018 00000000        DCD              UsageFault_Handler
   37 0000001C 00000000        DCD              0
   38 00000020 00000000        DCD              0
   39 00000024 00000000        DCD              0
   40 00000028 00000000        DCD              0
   41 0000002C 00000000        DCD              vPortSVCHandler ; FreeRTOS
   42 00000030 00000000        DCD              DebugMon_Handler
   43 00000034 00000000        DCD              0
   44 00000038 00000000        DCD              xPortPendSVHandler ; FreeRTOS



ARM Macro Assembler    Page 2 


   45 0000003C 00000000        DCD              xPortSysTickHandler ; FreeRTOS
   46 00000040         
   47 00000040 00000000        DCD              WWDG_IRQHandler
   48 00000044 00000000        DCD              PVD_IRQHandler
   49 00000048 00000000        DCD              TAMPER_IRQHandler
   50 0000004C 00000000        DCD              RTC_IRQHandler
   51 00000050 00000000        DCD              FLASH_IRQHandler
   52 00000054 00000000        DCD              RCC_IRQHandler
   53 00000058 00000000        DCD              EXTI0_IRQHandler
   54 0000005C 00000000        DCD              EXTI1_IRQHandler
   55 00000060 00000000        DCD              EXTI2_IRQHandler
   56 00000064 00000000        DCD              EXTI3_IRQHandler
   57 00000068 00000000        DCD              EXTI4_IRQHandler
   58 0000006C 00000000        DCD              DMA1_Channel1_IRQHandler
   59 00000070 00000000        DCD              DMA1_Channel2_IRQHandler
   60 00000074 00000000        DCD              DMA1_Channel3_IRQHandler
   61 00000078 00000000        DCD              DMA1_Channel4_IRQHandler
   62 0000007C 00000000        DCD              DMA1_Channel5_IRQHandler
   63 00000080 00000000        DCD              DMA1_Channel6_IRQHandler
   64 00000084 00000000        DCD              DMA1_Channel7_IRQHandler
   65 00000088 00000000        DCD              ADC1_2_IRQHandler
   66 0000008C 00000000        DCD              USB_HP_CAN1_TX_IRQHandler
   67 00000090 00000000        DCD              USB_LP_CAN1_RX0_IRQHandler
   68 00000094 00000000        DCD              CAN1_RX1_IRQHandler
   69 00000098 00000000        DCD              CAN1_SCE_IRQHandler
   70 0000009C 00000000        DCD              EXTI9_5_IRQHandler
   71 000000A0 00000000        DCD              TIM1_BRK_IRQHandler
   72 000000A4 00000000        DCD              TIM1_UP_IRQHandler
   73 000000A8 00000000        DCD              TIM1_TRG_COM_IRQHandler
   74 000000AC 00000000        DCD              TIM1_CC_IRQHandler
   75 000000B0 00000000        DCD              TIM2_IRQHandler
   76 000000B4 00000000        DCD              TIM3_IRQHandler
   77 000000B8 00000000        DCD              TIM4_IRQHandler
   78 000000BC 00000000        DCD              I2C1_EV_IRQHandler
   79 000000C0 00000000        DCD              I2C1_ER_IRQHandler
   80 000000C4 00000000        DCD              I2C2_EV_IRQHandler
   81 000000C8 00000000        DCD              I2C2_ER_IRQHandler
   82 000000CC 00000000        DCD              SPI1_IRQHandler
   83 000000D0 00000000        DCD              SPI2_IRQHandler
   84 000000D4 00000000        DCD              USART1_IRQHandler
   85 000000D8 00000000        DCD              USART2_IRQHandler
   86 000000DC 00000000        DCD              USART3_IRQHandler
   87 000000E0 00000000        DCD              EXTI15_10_IRQHandler
   88 000000E4 00000000        DCD              RTCAlarm_IRQHandler
   89 000000E8 00000000        DCD              USBWakeUp_IRQHandler
   90 000000EC         __Vectors_End
   91 000000EC         
   92 000000EC 000000EC 
                       __Vectors_Size
                               EQU              __Vectors_End - __Vectors
   93 000000EC         
   94 000000EC                 AREA             |.text|, CODE, READONLY
   95 00000000         
   96 00000000         Reset_Handler
                               PROC
   97 00000000                 EXPORT           Reset_Handler             [WEAK
]
   98 00000000                 IMPORT           __main
   99 00000000                 IMPORT           SystemInit



ARM Macro Assembler    Page 3 


  100 00000000 4809            LDR              R0, =SystemInit
  101 00000002 4780            BLX              R0
  102 00000004 4809            LDR              R0, =__main
  103 00000006 4700            BX               R0
  104 00000008                 ENDP
  105 00000008         
  106 00000008         NMI_Handler
                               PROC
  107 00000008                 EXPORT           NMI_Handler                [WEA
K]
  108 00000008 E7FE            B                .
  109 0000000A                 ENDP
  111 0000000A         HardFault_Handler
                               PROC
  112 0000000A                 EXPORT           HardFault_Handler          [WEA
K]
  113 0000000A E7FE            B                .
  114 0000000C                 ENDP
  116 0000000C         MemManage_Handler
                               PROC
  117 0000000C                 EXPORT           MemManage_Handler          [WEA
K]
  118 0000000C E7FE            B                .
  119 0000000E                 ENDP
  121 0000000E         BusFault_Handler
                               PROC
  122 0000000E                 EXPORT           BusFault_Handler           [WEA
K]
  123 0000000E E7FE            B                .
  124 00000010                 ENDP
  126 00000010         UsageFault_Handler
                               PROC
  127 00000010                 EXPORT           UsageFault_Handler         [WEA
K]
  128 00000010 E7FE            B                .
  129 00000012                 ENDP
  130 00000012         vPortSVCHandler
                               PROC
  131 00000012                 EXPORT           vPortSVCHandler            [WEA
K]
  132 00000012 E7FE            B                .
  133 00000014                 ENDP
  135 00000014         DebugMon_Handler
                               PROC
  136 00000014                 EXPORT           DebugMon_Handler           [WEA
K]
  137 00000014 E7FE            B                .
  138 00000016                 ENDP
  139 00000016         xPortPendSVHandler
                               PROC
  140 00000016                 EXPORT           xPortPendSVHandler         [WEA
K]
  141 00000016 E7FE            B                .
  142 00000018                 ENDP
  143 00000018         xPortSysTickHandler
                               PROC
  144 00000018                 EXPORT           xPortSysTickHandler        [WEA
K]
  145 00000018 E7FE            B                .



ARM Macro Assembler    Page 4 


  146 0000001A                 ENDP
  147 0000001A         
  148 0000001A         Default_Handler
                               PROC
  149 0000001A                 EXPORT           WWDG_IRQHandler            [WEA
K]
  150 0000001A                 EXPORT           PVD_IRQHandler             [WEA
K]
  151 0000001A                 EXPORT           TAMPER_IRQHandler          [WEA
K]
  152 0000001A                 EXPORT           RTC_IRQHandler             [WEA
K]
  153 0000001A                 EXPORT           FLASH_IRQHandler           [WEA
K]
  154 0000001A                 EXPORT           RCC_IRQHandler             [WEA
K]
  155 0000001A                 EXPORT           EXTI0_IRQHandler           [WEA
K]
  156 0000001A                 EXPORT           EXTI1_IRQHandler           [WEA
K]
  157 0000001A                 EXPORT           EXTI2_IRQHandler           [WEA
K]
  158 0000001A                 EXPORT           EXTI3_IRQHandler           [WEA
K]
  159 0000001A                 EXPORT           EXTI4_IRQHandler           [WEA
K]
  160 0000001A                 EXPORT           DMA1_Channel1_IRQHandler   [WEA
K]
  161 0000001A                 EXPORT           DMA1_Channel2_IRQHandler   [WEA
K]
  162 0000001A                 EXPORT           DMA1_Channel3_IRQHandler   [WEA
K]
  163 0000001A                 EXPORT           DMA1_Channel4_IRQHandler   [WEA
K]
  164 0000001A                 EXPORT           DMA1_Channel5_IRQHandler   [WEA
K]
  165 0000001A                 EXPORT           DMA1_Channel6_IRQHandler   [WEA
K]
  166 0000001A                 EXPORT           DMA1_Channel7_IRQHandler   [WEA
K]
  167 0000001A                 EXPORT           ADC1_2_IRQHandler          [WEA
K]
  168 0000001A                 EXPORT           USB_HP_CAN1_TX_IRQHandler  [WEA
K]
  169 0000001A                 EXPORT           USB_LP_CAN1_RX0_IRQHandler [WEA
K]
  170 0000001A                 EXPORT           CAN1_RX1_IRQHandler        [WEA
K]
  171 0000001A                 EXPORT           CAN1_SCE_IRQHandler        [WEA
K]
  172 0000001A                 EXPORT           EXTI9_5_IRQHandler         [WEA
K]
  173 0000001A                 EXPORT           TIM1_BRK_IRQHandler        [WEA
K]
  174 0000001A                 EXPORT           TIM1_UP_IRQHandler         [WEA
K]
  175 0000001A                 EXPORT           TIM1_TRG_COM_IRQHandler    [WEA
K]
  176 0000001A                 EXPORT           TIM1_CC_IRQHandler         [WEA



ARM Macro Assembler    Page 5 


K]
  177 0000001A                 EXPORT           TIM2_IRQHandler            [WEA
K]
  178 0000001A                 EXPORT           TIM3_IRQHandler            [WEA
K]
  179 0000001A                 EXPORT           TIM4_IRQHandler            [WEA
K]
  180 0000001A                 EXPORT           I2C1_EV_IRQHandler         [WEA
K]
  181 0000001A                 EXPORT           I2C1_ER_IRQHandler         [WEA
K]
  182 0000001A                 EXPORT           I2C2_EV_IRQHandler         [WEA
K]
  183 0000001A                 EXPORT           I2C2_ER_IRQHandler         [WEA
K]
  184 0000001A                 EXPORT           SPI1_IRQHandler            [WEA
K]
  185 0000001A                 EXPORT           SPI2_IRQHandler            [WEA
K]
  186 0000001A                 EXPORT           USART1_IRQHandler          [WEA
K]
  187 0000001A                 EXPORT           USART2_IRQHandler          [WEA
K]
  188 0000001A                 EXPORT           USART3_IRQHandler          [WEA
K]
  189 0000001A                 EXPORT           EXTI15_10_IRQHandler       [WEA
K]
  190 0000001A                 EXPORT           RTCAlarm_IRQHandler        [WEA
K]
  191 0000001A                 EXPORT           USBWakeUp_IRQHandler       [WEA
K]
  192 0000001A         
  193 0000001A         WWDG_IRQHandler
  194 0000001A         PVD_IRQHandler
  195 0000001A         TAMPER_IRQHandler
  196 0000001A         RTC_IRQHandler
  197 0000001A         FLASH_IRQHandler
  198 0000001A         RCC_IRQHandler
  199 0000001A         EXTI0_IRQHandler
  200 0000001A         EXTI1_IRQHandler
  201 0000001A         EXTI2_IRQHandler
  202 0000001A         EXTI3_IRQHandler
  203 0000001A         EXTI4_IRQHandler
  204 0000001A         DMA1_Channel1_IRQHandler
  205 0000001A         DMA1_Channel2_IRQHandler
  206 0000001A         DMA1_Channel3_IRQHandler
  207 0000001A         DMA1_Channel4_IRQHandler
  208 0000001A         DMA1_Channel5_IRQHandler
  209 0000001A         DMA1_Channel6_IRQHandler
  210 0000001A         DMA1_Channel7_IRQHandler
  211 0000001A         ADC1_2_IRQHandler
  212 0000001A         USB_HP_CAN1_TX_IRQHandler
  213 0000001A         USB_LP_CAN1_RX0_IRQHandler
  214 0000001A         CAN1_RX1_IRQHandler
  215 0000001A         CAN1_SCE_IRQHandler
  216 0000001A         EXTI9_5_IRQHandler
  217 0000001A         TIM1_BRK_IRQHandler
  218 0000001A         TIM1_UP_IRQHandler
  219 0000001A         TIM1_TRG_COM_IRQHandler



ARM Macro Assembler    Page 6 


  220 0000001A         TIM1_CC_IRQHandler
  221 0000001A         TIM2_IRQHandler
  222 0000001A         TIM3_IRQHandler
  223 0000001A         TIM4_IRQHandler
  224 0000001A         I2C1_EV_IRQHandler
  225 0000001A         I2C1_ER_IRQHandler
  226 0000001A         I2C2_EV_IRQHandler
  227 0000001A         I2C2_ER_IRQHandler
  228 0000001A         SPI1_IRQHandler
  229 0000001A         SPI2_IRQHandler
  230 0000001A         USART1_IRQHandler
  231 0000001A         USART2_IRQHandler
  232 0000001A         USART3_IRQHandler
  233 0000001A         EXTI15_10_IRQHandler
  234 0000001A         RTCAlarm_IRQHandler
  235 0000001A         USBWakeUp_IRQHandler
  236 0000001A         
  237 0000001A E7FE            B                .
  238 0000001C                 ENDP
  239 0000001C         
  240 0000001C                 ALIGN
  241 0000001C         
  242 0000001C                 IF               :DEF:__MICROLIB
  249 0000001C         
  250 0000001C                 IMPORT           __use_two_region_memory
  251 0000001C                 EXPORT           __user_initial_stackheap
  252 0000001C         
  253 0000001C         __user_initial_stackheap
  254 0000001C 4804            LDR              R0, =  Heap_Mem
  255 0000001E 4905            LDR              R1, =(Stack_Mem + Stack_Size)
  256 00000020 4A05            LDR              R2, = (Heap_Mem +  Heap_Size)
  257 00000022 4B06            LDR              R3, = Stack_Mem
  258 00000024 4770            BX               LR
  259 00000026         
  260 00000026 00 00           ALIGN
  261 00000028                 ENDIF
  262 00000028                 END
              00000000 
              00000000 
              00000000 
              00000800 
              00000200 
              00000000 
Command Line: --debug --xref --diag_suppress=9931 --cpu=Cortex-M3 --apcs=interw
ork --depend=.\objects\startup_stm32f10x_md.d -o.\objects\startup_stm32f10x_md.
o -I.\RTE\_Target_1 -ID:\Keli5\ARM\PACK\Keil\STM32F1xx_DFP\2.2.0\Device\Include
 -ID:\Keli5\ARM\CMSIS\Include --predefine="__UVISION_VERSION SETA 524" --predef
ine="STM32F10X_MD SETA 1" --list=.\listings\startup_stm32f10x_md.lst Start\star
tup_stm32f10x_md.s



ARM Macro Assembler    Page 1 Alphabetic symbol ordering
Relocatable symbols

STACK 00000000

Symbol: STACK
   Definitions
      At line 11 in file Start\startup_stm32f10x_md.s
   Uses
      None
Comment: STACK unused
Stack_Mem 00000000

Symbol: Stack_Mem
   Definitions
      At line 12 in file Start\startup_stm32f10x_md.s
   Uses
      At line 255 in file Start\startup_stm32f10x_md.s
      At line 257 in file Start\startup_stm32f10x_md.s

__initial_sp 00000800

Symbol: __initial_sp
   Definitions
      At line 13 in file Start\startup_stm32f10x_md.s
   Uses
      At line 30 in file Start\startup_stm32f10x_md.s
Comment: __initial_sp used once
3 symbols



ARM Macro Assembler    Page 1 Alphabetic symbol ordering
Relocatable symbols

HEAP 00000000

Symbol: HEAP
   Definitions
      At line 17 in file Start\startup_stm32f10x_md.s
   Uses
      None
Comment: HEAP unused
Heap_Mem 00000000

Symbol: Heap_Mem
   Definitions
      At line 19 in file Start\startup_stm32f10x_md.s
   Uses
      At line 254 in file Start\startup_stm32f10x_md.s
      At line 256 in file Start\startup_stm32f10x_md.s

__heap_base 00000000

Symbol: __heap_base
   Definitions
      At line 18 in file Start\startup_stm32f10x_md.s
   Uses
      None
Comment: __heap_base unused
__heap_limit 00000200

Symbol: __heap_limit
   Definitions
      At line 20 in file Start\startup_stm32f10x_md.s
   Uses
      None
Comment: __heap_limit unused
4 symbols



ARM Macro Assembler    Page 1 Alphabetic symbol ordering
Relocatable symbols

RESET 00000000

Symbol: RESET
   Definitions
      At line 25 in file Start\startup_stm32f10x_md.s
   Uses
      None
Comment: RESET unused
__Vectors 00000000

Symbol: __Vectors
   Definitions
      At line 30 in file Start\startup_stm32f10x_md.s
   Uses
      At line 26 in file Start\startup_stm32f10x_md.s
      At line 92 in file Start\startup_stm32f10x_md.s

__Vectors_End 000000EC

Symbol: __Vectors_End
   Definitions
      At line 90 in file Start\startup_stm32f10x_md.s
   Uses
      At line 27 in file Start\startup_stm32f10x_md.s
      At line 92 in file Start\startup_stm32f10x_md.s

3 symbols



ARM Macro Assembler    Page 1 Alphabetic symbol ordering
Relocatable symbols

.text 00000000

Symbol: .text
   Definitions
      At line 94 in file Start\startup_stm32f10x_md.s
   Uses
      None
Comment: .text unused
ADC1_2_IRQHandler 0000001A

Symbol: ADC1_2_IRQHandler
   Definitions
      At line 211 in file Start\startup_stm32f10x_md.s
   Uses
      At line 65 in file Start\startup_stm32f10x_md.s
      At line 167 in file Start\startup_stm32f10x_md.s

BusFault_Handler 0000000E

Symbol: BusFault_Handler
   Definitions
      At line 121 in file Start\startup_stm32f10x_md.s
   Uses
      At line 35 in file Start\startup_stm32f10x_md.s
      At line 122 in file Start\startup_stm32f10x_md.s

CAN1_RX1_IRQHandler 0000001A

Symbol: CAN1_RX1_IRQHandler
   Definitions
      At line 214 in file Start\startup_stm32f10x_md.s
   Uses
      At line 68 in file Start\startup_stm32f10x_md.s
      At line 170 in file Start\startup_stm32f10x_md.s

CAN1_SCE_IRQHandler 0000001A

Symbol: CAN1_SCE_IRQHandler
   Definitions
      At line 215 in file Start\startup_stm32f10x_md.s
   Uses
      At line 69 in file Start\startup_stm32f10x_md.s
      At line 171 in file Start\startup_stm32f10x_md.s

DMA1_Channel1_IRQHandler 0000001A

Symbol: DMA1_Channel1_IRQHandler
   Definitions
      At line 204 in file Start\startup_stm32f10x_md.s
   Uses
      At line 58 in file Start\startup_stm32f10x_md.s
      At line 160 in file Start\startup_stm32f10x_md.s

DMA1_Channel2_IRQHandler 0000001A

Symbol: DMA1_Channel2_IRQHandler
   Definitions
      At line 205 in file Start\startup_stm32f10x_md.s
   Uses



ARM Macro Assembler    Page 2 Alphabetic symbol ordering
Relocatable symbols

      At line 59 in file Start\startup_stm32f10x_md.s
      At line 161 in file Start\startup_stm32f10x_md.s

DMA1_Channel3_IRQHandler 0000001A

Symbol: DMA1_Channel3_IRQHandler
   Definitions
      At line 206 in file Start\startup_stm32f10x_md.s
   Uses
      At line 60 in file Start\startup_stm32f10x_md.s
      At line 162 in file Start\startup_stm32f10x_md.s

DMA1_Channel4_IRQHandler 0000001A

Symbol: DMA1_Channel4_IRQHandler
   Definitions
      At line 207 in file Start\startup_stm32f10x_md.s
   Uses
      At line 61 in file Start\startup_stm32f10x_md.s
      At line 163 in file Start\startup_stm32f10x_md.s

DMA1_Channel5_IRQHandler 0000001A

Symbol: DMA1_Channel5_IRQHandler
   Definitions
      At line 208 in file Start\startup_stm32f10x_md.s
   Uses
      At line 62 in file Start\startup_stm32f10x_md.s
      At line 164 in file Start\startup_stm32f10x_md.s

DMA1_Channel6_IRQHandler 0000001A

Symbol: DMA1_Channel6_IRQHandler
   Definitions
      At line 209 in file Start\startup_stm32f10x_md.s
   Uses
      At line 63 in file Start\startup_stm32f10x_md.s
      At line 165 in file Start\startup_stm32f10x_md.s

DMA1_Channel7_IRQHandler 0000001A

Symbol: DMA1_Channel7_IRQHandler
   Definitions
      At line 210 in file Start\startup_stm32f10x_md.s
   Uses
      At line 64 in file Start\startup_stm32f10x_md.s
      At line 166 in file Start\startup_stm32f10x_md.s

DebugMon_Handler 00000014

Symbol: DebugMon_Handler
   Definitions
      At line 135 in file Start\startup_stm32f10x_md.s
   Uses
      At line 42 in file Start\startup_stm32f10x_md.s
      At line 136 in file Start\startup_stm32f10x_md.s

Default_Handler 0000001A




ARM Macro Assembler    Page 3 Alphabetic symbol ordering
Relocatable symbols

Symbol: Default_Handler
   Definitions
      At line 148 in file Start\startup_stm32f10x_md.s
   Uses
      None
Comment: Default_Handler unused
EXTI0_IRQHandler 0000001A

Symbol: EXTI0_IRQHandler
   Definitions
      At line 199 in file Start\startup_stm32f10x_md.s
   Uses
      At line 53 in file Start\startup_stm32f10x_md.s
      At line 155 in file Start\startup_stm32f10x_md.s

EXTI15_10_IRQHandler 0000001A

Symbol: EXTI15_10_IRQHandler
   Definitions
      At line 233 in file Start\startup_stm32f10x_md.s
   Uses
      At line 87 in file Start\startup_stm32f10x_md.s
      At line 189 in file Start\startup_stm32f10x_md.s

EXTI1_IRQHandler 0000001A

Symbol: EXTI1_IRQHandler
   Definitions
      At line 200 in file Start\startup_stm32f10x_md.s
   Uses
      At line 54 in file Start\startup_stm32f10x_md.s
      At line 156 in file Start\startup_stm32f10x_md.s

EXTI2_IRQHandler 0000001A

Symbol: EXTI2_IRQHandler
   Definitions
      At line 201 in file Start\startup_stm32f10x_md.s
   Uses
      At line 55 in file Start\startup_stm32f10x_md.s
      At line 157 in file Start\startup_stm32f10x_md.s

EXTI3_IRQHandler 0000001A

Symbol: EXTI3_IRQHandler
   Definitions
      At line 202 in file Start\startup_stm32f10x_md.s
   Uses
      At line 56 in file Start\startup_stm32f10x_md.s
      At line 158 in file Start\startup_stm32f10x_md.s

EXTI4_IRQHandler 0000001A

Symbol: EXTI4_IRQHandler
   Definitions
      At line 203 in file Start\startup_stm32f10x_md.s
   Uses
      At line 57 in file Start\startup_stm32f10x_md.s
      At line 159 in file Start\startup_stm32f10x_md.s



ARM Macro Assembler    Page 4 Alphabetic symbol ordering
Relocatable symbols


EXTI9_5_IRQHandler 0000001A

Symbol: EXTI9_5_IRQHandler
   Definitions
      At line 216 in file Start\startup_stm32f10x_md.s
   Uses
      At line 70 in file Start\startup_stm32f10x_md.s
      At line 172 in file Start\startup_stm32f10x_md.s

FLASH_IRQHandler 0000001A

Symbol: FLASH_IRQHandler
   Definitions
      At line 197 in file Start\startup_stm32f10x_md.s
   Uses
      At line 51 in file Start\startup_stm32f10x_md.s
      At line 153 in file Start\startup_stm32f10x_md.s

HardFault_Handler 0000000A

Symbol: HardFault_Handler
   Definitions
      At line 111 in file Start\startup_stm32f10x_md.s
   Uses
      At line 33 in file Start\startup_stm32f10x_md.s
      At line 112 in file Start\startup_stm32f10x_md.s

I2C1_ER_IRQHandler 0000001A

Symbol: I2C1_ER_IRQHandler
   Definitions
      At line 225 in file Start\startup_stm32f10x_md.s
   Uses
      At line 79 in file Start\startup_stm32f10x_md.s
      At line 181 in file Start\startup_stm32f10x_md.s

I2C1_EV_IRQHandler 0000001A

Symbol: I2C1_EV_IRQHandler
   Definitions
      At line 224 in file Start\startup_stm32f10x_md.s
   Uses
      At line 78 in file Start\startup_stm32f10x_md.s
      At line 180 in file Start\startup_stm32f10x_md.s

I2C2_ER_IRQHandler 0000001A

Symbol: I2C2_ER_IRQHandler
   Definitions
      At line 227 in file Start\startup_stm32f10x_md.s
   Uses
      At line 81 in file Start\startup_stm32f10x_md.s
      At line 183 in file Start\startup_stm32f10x_md.s

I2C2_EV_IRQHandler 0000001A

Symbol: I2C2_EV_IRQHandler
   Definitions



ARM Macro Assembler    Page 5 Alphabetic symbol ordering
Relocatable symbols

      At line 226 in file Start\startup_stm32f10x_md.s
   Uses
      At line 80 in file Start\startup_stm32f10x_md.s
      At line 182 in file Start\startup_stm32f10x_md.s

MemManage_Handler 0000000C

Symbol: MemManage_Handler
   Definitions
      At line 116 in file Start\startup_stm32f10x_md.s
   Uses
      At line 34 in file Start\startup_stm32f10x_md.s
      At line 117 in file Start\startup_stm32f10x_md.s

NMI_Handler 00000008

Symbol: NMI_Handler
   Definitions
      At line 106 in file Start\startup_stm32f10x_md.s
   Uses
      At line 32 in file Start\startup_stm32f10x_md.s
      At line 107 in file Start\startup_stm32f10x_md.s

PVD_IRQHandler 0000001A

Symbol: PVD_IRQHandler
   Definitions
      At line 194 in file Start\startup_stm32f10x_md.s
   Uses
      At line 48 in file Start\startup_stm32f10x_md.s
      At line 150 in file Start\startup_stm32f10x_md.s

RCC_IRQHandler 0000001A

Symbol: RCC_IRQHandler
   Definitions
      At line 198 in file Start\startup_stm32f10x_md.s
   Uses
      At line 52 in file Start\startup_stm32f10x_md.s
      At line 154 in file Start\startup_stm32f10x_md.s

RTCAlarm_IRQHandler 0000001A

Symbol: RTCAlarm_IRQHandler
   Definitions
      At line 234 in file Start\startup_stm32f10x_md.s
   Uses
      At line 88 in file Start\startup_stm32f10x_md.s
      At line 190 in file Start\startup_stm32f10x_md.s

RTC_IRQHandler 0000001A

Symbol: RTC_IRQHandler
   Definitions
      At line 196 in file Start\startup_stm32f10x_md.s
   Uses
      At line 50 in file Start\startup_stm32f10x_md.s
      At line 152 in file Start\startup_stm32f10x_md.s




ARM Macro Assembler    Page 6 Alphabetic symbol ordering
Relocatable symbols

Reset_Handler 00000000

Symbol: Reset_Handler
   Definitions
      At line 96 in file Start\startup_stm32f10x_md.s
   Uses
      At line 31 in file Start\startup_stm32f10x_md.s
      At line 97 in file Start\startup_stm32f10x_md.s

SPI1_IRQHandler 0000001A

Symbol: SPI1_IRQHandler
   Definitions
      At line 228 in file Start\startup_stm32f10x_md.s
   Uses
      At line 82 in file Start\startup_stm32f10x_md.s
      At line 184 in file Start\startup_stm32f10x_md.s

SPI2_IRQHandler 0000001A

Symbol: SPI2_IRQHandler
   Definitions
      At line 229 in file Start\startup_stm32f10x_md.s
   Uses
      At line 83 in file Start\startup_stm32f10x_md.s
      At line 185 in file Start\startup_stm32f10x_md.s

TAMPER_IRQHandler 0000001A

Symbol: TAMPER_IRQHandler
   Definitions
      At line 195 in file Start\startup_stm32f10x_md.s
   Uses
      At line 49 in file Start\startup_stm32f10x_md.s
      At line 151 in file Start\startup_stm32f10x_md.s

TIM1_BRK_IRQHandler 0000001A

Symbol: TIM1_BRK_IRQHandler
   Definitions
      At line 217 in file Start\startup_stm32f10x_md.s
   Uses
      At line 71 in file Start\startup_stm32f10x_md.s
      At line 173 in file Start\startup_stm32f10x_md.s

TIM1_CC_IRQHandler 0000001A

Symbol: TIM1_CC_IRQHandler
   Definitions
      At line 220 in file Start\startup_stm32f10x_md.s
   Uses
      At line 74 in file Start\startup_stm32f10x_md.s
      At line 176 in file Start\startup_stm32f10x_md.s

TIM1_TRG_COM_IRQHandler 0000001A

Symbol: TIM1_TRG_COM_IRQHandler
   Definitions
      At line 219 in file Start\startup_stm32f10x_md.s



ARM Macro Assembler    Page 7 Alphabetic symbol ordering
Relocatable symbols

   Uses
      At line 73 in file Start\startup_stm32f10x_md.s
      At line 175 in file Start\startup_stm32f10x_md.s

TIM1_UP_IRQHandler 0000001A

Symbol: TIM1_UP_IRQHandler
   Definitions
      At line 218 in file Start\startup_stm32f10x_md.s
   Uses
      At line 72 in file Start\startup_stm32f10x_md.s
      At line 174 in file Start\startup_stm32f10x_md.s

TIM2_IRQHandler 0000001A

Symbol: TIM2_IRQHandler
   Definitions
      At line 221 in file Start\startup_stm32f10x_md.s
   Uses
      At line 75 in file Start\startup_stm32f10x_md.s
      At line 177 in file Start\startup_stm32f10x_md.s

TIM3_IRQHandler 0000001A

Symbol: TIM3_IRQHandler
   Definitions
      At line 222 in file Start\startup_stm32f10x_md.s
   Uses
      At line 76 in file Start\startup_stm32f10x_md.s
      At line 178 in file Start\startup_stm32f10x_md.s

TIM4_IRQHandler 0000001A

Symbol: TIM4_IRQHandler
   Definitions
      At line 223 in file Start\startup_stm32f10x_md.s
   Uses
      At line 77 in file Start\startup_stm32f10x_md.s
      At line 179 in file Start\startup_stm32f10x_md.s

USART1_IRQHandler 0000001A

Symbol: USART1_IRQHandler
   Definitions
      At line 230 in file Start\startup_stm32f10x_md.s
   Uses
      At line 84 in file Start\startup_stm32f10x_md.s
      At line 186 in file Start\startup_stm32f10x_md.s

USART2_IRQHandler 0000001A

Symbol: USART2_IRQHandler
   Definitions
      At line 231 in file Start\startup_stm32f10x_md.s
   Uses
      At line 85 in file Start\startup_stm32f10x_md.s
      At line 187 in file Start\startup_stm32f10x_md.s

USART3_IRQHandler 0000001A



ARM Macro Assembler    Page 8 Alphabetic symbol ordering
Relocatable symbols


Symbol: USART3_IRQHandler
   Definitions
      At line 232 in file Start\startup_stm32f10x_md.s
   Uses
      At line 86 in file Start\startup_stm32f10x_md.s
      At line 188 in file Start\startup_stm32f10x_md.s

USBWakeUp_IRQHandler 0000001A

Symbol: USBWakeUp_IRQHandler
   Definitions
      At line 235 in file Start\startup_stm32f10x_md.s
   Uses
      At line 89 in file Start\startup_stm32f10x_md.s
      At line 191 in file Start\startup_stm32f10x_md.s

USB_HP_CAN1_TX_IRQHandler 0000001A

Symbol: USB_HP_CAN1_TX_IRQHandler
   Definitions
      At line 212 in file Start\startup_stm32f10x_md.s
   Uses
      At line 66 in file Start\startup_stm32f10x_md.s
      At line 168 in file Start\startup_stm32f10x_md.s

USB_LP_CAN1_RX0_IRQHandler 0000001A

Symbol: USB_LP_CAN1_RX0_IRQHandler
   Definitions
      At line 213 in file Start\startup_stm32f10x_md.s
   Uses
      At line 67 in file Start\startup_stm32f10x_md.s
      At line 169 in file Start\startup_stm32f10x_md.s

UsageFault_Handler 00000010

Symbol: UsageFault_Handler
   Definitions
      At line 126 in file Start\startup_stm32f10x_md.s
   Uses
      At line 36 in file Start\startup_stm32f10x_md.s
      At line 127 in file Start\startup_stm32f10x_md.s

WWDG_IRQHandler 0000001A

Symbol: WWDG_IRQHandler
   Definitions
      At line 193 in file Start\startup_stm32f10x_md.s
   Uses
      At line 47 in file Start\startup_stm32f10x_md.s
      At line 149 in file Start\startup_stm32f10x_md.s

__user_initial_stackheap 0000001C

Symbol: __user_initial_stackheap
   Definitions
      At line 253 in file Start\startup_stm32f10x_md.s
   Uses



ARM Macro Assembler    Page 9 Alphabetic symbol ordering
Relocatable symbols

      At line 251 in file Start\startup_stm32f10x_md.s
Comment: __user_initial_stackheap used once
vPortSVCHandler 00000012

Symbol: vPortSVCHandler
   Definitions
      At line 130 in file Start\startup_stm32f10x_md.s
   Uses
      At line 41 in file Start\startup_stm32f10x_md.s
      At line 131 in file Start\startup_stm32f10x_md.s

xPortPendSVHandler 00000016

Symbol: xPortPendSVHandler
   Definitions
      At line 139 in file Start\startup_stm32f10x_md.s
   Uses
      At line 44 in file Start\startup_stm32f10x_md.s
      At line 140 in file Start\startup_stm32f10x_md.s

xPortSysTickHandler 00000018

Symbol: xPortSysTickHandler
   Definitions
      At line 143 in file Start\startup_stm32f10x_md.s
   Uses
      At line 45 in file Start\startup_stm32f10x_md.s
      At line 144 in file Start\startup_stm32f10x_md.s

56 symbols



ARM Macro Assembler    Page 1 Alphabetic symbol ordering
Absolute symbols

Heap_Size 00000200

Symbol: Heap_Size
   Definitions
      At line 15 in file Start\startup_stm32f10x_md.s
   Uses
      At line 19 in file Start\startup_stm32f10x_md.s
      At line 256 in file Start\startup_stm32f10x_md.s

Stack_Size 00000800

Symbol: Stack_Size
   Definitions
      At line 9 in file Start\startup_stm32f10x_md.s
   Uses
      At line 12 in file Start\startup_stm32f10x_md.s
      At line 255 in file Start\startup_stm32f10x_md.s

__Vectors_Size 000000EC

Symbol: __Vectors_Size
   Definitions
      At line 92 in file Start\startup_stm32f10x_md.s
   Uses
      At line 28 in file Start\startup_stm32f10x_md.s
Comment: __Vectors_Size used once
3 symbols



ARM Macro Assembler    Page 1 Alphabetic symbol ordering
External symbols

SystemInit 00000000

Symbol: SystemInit
   Definitions
      At line 99 in file Start\startup_stm32f10x_md.s
   Uses
      At line 100 in file Start\startup_stm32f10x_md.s
Comment: SystemInit used once
__main 00000000

Symbol: __main
   Definitions
      At line 98 in file Start\startup_stm32f10x_md.s
   Uses
      At line 102 in file Start\startup_stm32f10x_md.s
Comment: __main used once
__use_two_region_memory 00000000

Symbol: __use_two_region_memory
   Definitions
      At line 250 in file Start\startup_stm32f10x_md.s
   Uses
      None
Comment: __use_two_region_memory unused
3 symbols
408 symbols in table
